<?xml version="1.0" encoding="UTF-8" ?>
<testsuite failures="1" time="3.131" errors="0" skipped="1" tests="6" name="TestSuite">
  <properties>
    <property name="java.runtime.name" value="Java(TM) SE Runtime Environment"/>
    <property name="sun.boot.library.path" value="C:\DEV\Java\jdk1.6.0_23\jre\bin"/>
    <property name="java.vm.version" value="0.2-b02-internal, 19.0-b04-internal"/>
    <property name="java.vm.vendor" value="Sun Microsystems Inc."/>
    <property name="java.vendor.url" value="http://java.sun.com/"/>
    <property name="path.separator" value=";"/>
    <property name="java.vm.name" value="Dynamic Code Evolution Client VM"/>
    <property name="file.encoding.pkg" value="sun.io"/>
    <property name="user.country" value="BR"/>
    <property name="sun.java.launcher" value="SUN_STANDARD"/>
    <property name="sun.os.patch.level" value=""/>
    <property name="java.vm.specification.name" value="Java Virtual Machine Specification"/>
    <property name="user.dir" value="C:\Users\cristiano\workspace\GSC"/>
    <property name="java.runtime.version" value="1.6.0_23-b05"/>
    <property name="java.awt.graphicsenv" value="sun.awt.Win32GraphicsEnvironment"/>
    <property name="basedir" value="C:\Users\cristiano\workspace\GSC"/>
    <property name="java.endorsed.dirs" value="C:\DEV\Java\jdk1.6.0_23\jre\lib\endorsed"/>
    <property name="os.arch" value="x86"/>
    <property name="surefire.real.class.path" value="C:\Users\CRISTI~1\AppData\Local\Temp\surefirebooter3676894131189347934.jar"/>
    <property name="java.io.tmpdir" value="C:\Users\CRISTI~1\AppData\Local\Temp\"/>
    <property name="line.separator" value="
"/>
    <property name="java.vm.specification.vendor" value="Sun Microsystems Inc."/>
    <property name="user.variant" value=""/>
    <property name="os.name" value="Windows 7"/>
    <property name="sun.jnu.encoding" value="Cp1252"/>
    <property name="java.library.path" value="C:\DEV\Java\jdk1.6.0_23\jre\bin;.;C:\Windows\Sun\Java\bin;C:\Windows\system32;C:\Windows;C:\Ruby192\bin;C:\Program Files (x86)\PHP\;C:\Program Files\Common Files\Microsoft Shared\Windows Live;C:\Program Files (x86)\Common Files\Microsoft Shared\Windows Live;C:\Windows\system32;C:\Windows;C:\Windows\System32\Wbem;C:\Windows\System32\WindowsPowerShell\v1.0\;C:\Program Files (x86)\ATI Technologies\ATI.ACE\Core-Static;C:\Program Files\WIDCOMM\Bluetooth Software\;C:\Program Files\WIDCOMM\Bluetooth Software\syswow64;C:\Program Files (x86)\Calibre2\;C:\Program Files (x86)\Windows Live\Shared;C:\DEV\Java\jdk1.6.0_23\bin;C:\Program Files (x86)\Git\cmd;C:\Program Files (x86)\QuickTime\QTSystem\;C:\Program Files (x86)\apache-maven-2.2.1\bin;C:\Program Files (x86)\MySQL\MySQL Server 5.5\bin;C:\Program Files\MySQL\MySQL Server 5.5\bin;C:\Program Files (x86)\OpenVPN\bin"/>
    <property name="surefire.test.class.path" value="C:\Users\cristiano\workspace\GSC\target\test-classes;C:\Users\cristiano\workspace\GSC\target\classes;C:\Users\cristiano\.m2\repository\org\hibernate\hibernate-entitymanager\3.4.0.GA\hibernate-entitymanager-3.4.0.GA.jar;C:\Users\cristiano\.m2\repository\org\hibernate\ejb3-persistence\1.0.2.GA\ejb3-persistence-1.0.2.GA.jar;C:\Users\cristiano\.m2\repository\org\hibernate\hibernate-commons-annotations\3.1.0.GA\hibernate-commons-annotations-3.1.0.GA.jar;C:\Users\cristiano\.m2\repository\org\slf4j\slf4j-api\1.4.2\slf4j-api-1.4.2.jar;C:\Users\cristiano\.m2\repository\org\hibernate\hibernate-annotations\3.4.0.GA\hibernate-annotations-3.4.0.GA.jar;C:\Users\cristiano\.m2\repository\org\hibernate\hibernate-core\3.3.2.GA\hibernate-core-3.3.2.GA.jar;C:\Users\cristiano\.m2\repository\antlr\antlr\2.7.6\antlr-2.7.6.jar;C:\Users\cristiano\.m2\repository\commons-collections\commons-collections\3.1\commons-collections-3.1.jar;C:\Users\cristiano\.m2\repository\dom4j\dom4j\1.6.1\dom4j-1.6.1.jar;C:\Users\cristiano\.m2\repository\xml-apis\xml-apis\1.0.b2\xml-apis-1.0.b2.jar;C:\Users\cristiano\.m2\repository\javax\transaction\jta\1.1\jta-1.1.jar;C:\Users\cristiano\.m2\repository\javassist\javassist\3.4.GA\javassist-3.4.GA.jar;C:\Users\cristiano\.m2\repository\org\springframework\spring-core\3.0.5.RELEASE\spring-core-3.0.5.RELEASE.jar;C:\Users\cristiano\.m2\repository\org\springframework\spring-asm\3.0.5.RELEASE\spring-asm-3.0.5.RELEASE.jar;C:\Users\cristiano\.m2\repository\commons-logging\commons-logging\1.1.1\commons-logging-1.1.1.jar;C:\Users\cristiano\.m2\repository\org\springframework\spring-web\3.0.5.RELEASE\spring-web-3.0.5.RELEASE.jar;C:\Users\cristiano\.m2\repository\aopalliance\aopalliance\1.0\aopalliance-1.0.jar;C:\Users\cristiano\.m2\repository\org\springframework\spring-beans\3.0.5.RELEASE\spring-beans-3.0.5.RELEASE.jar;C:\Users\cristiano\.m2\repository\org\springframework\spring-context\3.0.5.RELEASE\spring-context-3.0.5.RELEASE.jar;C:\Users\cristiano\.m2\repository\org\springframework\spring-aop\3.0.5.RELEASE\spring-aop-3.0.5.RELEASE.jar;C:\Users\cristiano\.m2\repository\org\springframework\spring-expression\3.0.5.RELEASE\spring-expression-3.0.5.RELEASE.jar;C:\Users\cristiano\.m2\repository\org\springframework\spring-context-support\3.0.5.RELEASE\spring-context-support-3.0.5.RELEASE.jar;C:\Users\cristiano\.m2\repository\org\springframework\spring-tx\3.0.5.RELEASE\spring-tx-3.0.5.RELEASE.jar;C:\Users\cristiano\.m2\repository\org\springframework\spring-orm\3.0.5.RELEASE\spring-orm-3.0.5.RELEASE.jar;C:\Users\cristiano\.m2\repository\org\springframework\spring-jdbc\3.0.5.RELEASE\spring-jdbc-3.0.5.RELEASE.jar;C:\Users\cristiano\.m2\repository\org\springframework\spring-test\3.0.5.RELEASE\spring-test-3.0.5.RELEASE.jar;C:\Users\cristiano\.m2\repository\org\testng\testng\6.0.1\testng-6.0.1.jar;C:\Users\cristiano\.m2\repository\junit\junit\3.8.1\junit-3.8.1.jar;C:\Users\cristiano\.m2\repository\org\beanshell\bsh\2.0b4\bsh-2.0b4.jar;C:\Users\cristiano\.m2\repository\com\beust\jcommander\1.12\jcommander-1.12.jar;C:\Users\cristiano\.m2\repository\org\yaml\snakeyaml\1.6\snakeyaml-1.6.jar;C:\Users\cristiano\.m2\repository\log4j\log4j\1.2.15\log4j-1.2.15.jar;C:\Users\cristiano\.m2\repository\org\slf4j\slf4j-log4j12\1.4.3\slf4j-log4j12-1.4.3.jar;C:\Users\cristiano\.m2\repository\mysql\mysql-connector-java\5.1.15\mysql-connector-java-5.1.15.jar;C:\Users\cristiano\.m2\repository\org\springframework\spring-webmvc\3.0.5.RELEASE\spring-webmvc-3.0.5.RELEASE.jar;C:\Users\cristiano\.m2\repository\javax\servlet\jstl\1.2\jstl-1.2.jar;C:\Users\cristiano\.m2\repository\cglib\cglib\2.2\cglib-2.2.jar;C:\Users\cristiano\.m2\repository\asm\asm\3.1\asm-3.1.jar;C:\Users\cristiano\.m2\repository\org\springframework\security\spring-security-core\3.0.5.RELEASE\spring-security-core-3.0.5.RELEASE.jar;C:\Users\cristiano\.m2\repository\org\aspectj\aspectjrt\1.6.8\aspectjrt-1.6.8.jar;C:\Users\cristiano\.m2\repository\org\aspectj\aspectjweaver\1.6.8\aspectjweaver-1.6.8.jar;C:\Users\cristiano\.m2\repository\org\springframework\security\spring-security-web\3.0.5.RELEASE\spring-security-web-3.0.5.RELEASE.jar;C:\Users\cristiano\.m2\repository\org\springframework\security\spring-security-taglibs\3.0.5.RELEASE\spring-security-taglibs-3.0.5.RELEASE.jar;C:\Users\cristiano\.m2\repository\org\springframework\security\spring-security-acl\3.0.5.RELEASE\spring-security-acl-3.0.5.RELEASE.jar;C:\Users\cristiano\.m2\repository\org\springframework\security\spring-security-config\3.0.5.RELEASE\spring-security-config-3.0.5.RELEASE.jar;C:\Users\cristiano\.m2\repository\org\codehaus\jackson\jackson-mapper-asl\1.8.1\jackson-mapper-asl-1.8.1.jar;C:\Users\cristiano\.m2\repository\org\codehaus\jackson\jackson-core-asl\1.8.1\jackson-core-asl-1.8.1.jar;C:\Users\cristiano\.m2\repository\org\hibernate\hibernate-validator\4.2.0.Beta2\hibernate-validator-4.2.0.Beta2.jar;C:\Users\cristiano\.m2\repository\javax\validation\validation-api\1.0.0.GA\validation-api-1.0.0.GA.jar;C:\Users\cristiano\.m2\repository\org\apache\tiles\tiles-core\2.2.2\tiles-core-2.2.2.jar;C:\Users\cristiano\.m2\repository\org\apache\tiles\tiles-api\2.2.2\tiles-api-2.2.2.jar;C:\Users\cristiano\.m2\repository\commons-digester\commons-digester\2.0\commons-digester-2.0.jar;C:\Users\cristiano\.m2\repository\commons-beanutils\commons-beanutils\1.8.0\commons-beanutils-1.8.0.jar;C:\Users\cristiano\.m2\repository\org\slf4j\jcl-over-slf4j\1.5.8\jcl-over-slf4j-1.5.8.jar;C:\Users\cristiano\.m2\repository\org\apache\tiles\tiles-jsp\2.2.2\tiles-jsp-2.2.2.jar;C:\Users\cristiano\.m2\repository\org\apache\tiles\tiles-servlet\2.2.2\tiles-servlet-2.2.2.jar;C:\Users\cristiano\.m2\repository\org\apache\tiles\tiles-template\2.2.2\tiles-template-2.2.2.jar;C:\Users\cristiano\.m2\repository\com\vaadin\vaadin\6.6.3\vaadin-6.6.3.jar;C:\Users\cristiano\.m2\repository\org\springframework\spring-aspects\3.0.5.RELEASE\spring-aspects-3.0.5.RELEASE.jar;"/>
    <property name="java.specification.name" value="Java Platform API Specification"/>
    <property name="java.class.version" value="50.0"/>
    <property name="sun.management.compiler" value="HotSpot Client Compiler"/>
    <property name="os.version" value="6.1"/>
    <property name="user.home" value="C:\Users\cristiano"/>
    <property name="user.timezone" value="America/Sao_Paulo"/>
    <property name="java.awt.printerjob" value="sun.awt.windows.WPrinterJob"/>
    <property name="java.specification.version" value="1.6"/>
    <property name="file.encoding" value="Cp1252"/>
    <property name="user.name" value="cristiano"/>
    <property name="java.class.path" value="C:\Users\cristiano\workspace\GSC\target\test-classes;C:\Users\cristiano\workspace\GSC\target\classes;C:\Users\cristiano\.m2\repository\org\hibernate\hibernate-entitymanager\3.4.0.GA\hibernate-entitymanager-3.4.0.GA.jar;C:\Users\cristiano\.m2\repository\org\hibernate\ejb3-persistence\1.0.2.GA\ejb3-persistence-1.0.2.GA.jar;C:\Users\cristiano\.m2\repository\org\hibernate\hibernate-commons-annotations\3.1.0.GA\hibernate-commons-annotations-3.1.0.GA.jar;C:\Users\cristiano\.m2\repository\org\slf4j\slf4j-api\1.4.2\slf4j-api-1.4.2.jar;C:\Users\cristiano\.m2\repository\org\hibernate\hibernate-annotations\3.4.0.GA\hibernate-annotations-3.4.0.GA.jar;C:\Users\cristiano\.m2\repository\org\hibernate\hibernate-core\3.3.2.GA\hibernate-core-3.3.2.GA.jar;C:\Users\cristiano\.m2\repository\antlr\antlr\2.7.6\antlr-2.7.6.jar;C:\Users\cristiano\.m2\repository\commons-collections\commons-collections\3.1\commons-collections-3.1.jar;C:\Users\cristiano\.m2\repository\dom4j\dom4j\1.6.1\dom4j-1.6.1.jar;C:\Users\cristiano\.m2\repository\xml-apis\xml-apis\1.0.b2\xml-apis-1.0.b2.jar;C:\Users\cristiano\.m2\repository\javax\transaction\jta\1.1\jta-1.1.jar;C:\Users\cristiano\.m2\repository\javassist\javassist\3.4.GA\javassist-3.4.GA.jar;C:\Users\cristiano\.m2\repository\org\springframework\spring-core\3.0.5.RELEASE\spring-core-3.0.5.RELEASE.jar;C:\Users\cristiano\.m2\repository\org\springframework\spring-asm\3.0.5.RELEASE\spring-asm-3.0.5.RELEASE.jar;C:\Users\cristiano\.m2\repository\commons-logging\commons-logging\1.1.1\commons-logging-1.1.1.jar;C:\Users\cristiano\.m2\repository\org\springframework\spring-web\3.0.5.RELEASE\spring-web-3.0.5.RELEASE.jar;C:\Users\cristiano\.m2\repository\aopalliance\aopalliance\1.0\aopalliance-1.0.jar;C:\Users\cristiano\.m2\repository\org\springframework\spring-beans\3.0.5.RELEASE\spring-beans-3.0.5.RELEASE.jar;C:\Users\cristiano\.m2\repository\org\springframework\spring-context\3.0.5.RELEASE\spring-context-3.0.5.RELEASE.jar;C:\Users\cristiano\.m2\repository\org\springframework\spring-aop\3.0.5.RELEASE\spring-aop-3.0.5.RELEASE.jar;C:\Users\cristiano\.m2\repository\org\springframework\spring-expression\3.0.5.RELEASE\spring-expression-3.0.5.RELEASE.jar;C:\Users\cristiano\.m2\repository\org\springframework\spring-context-support\3.0.5.RELEASE\spring-context-support-3.0.5.RELEASE.jar;C:\Users\cristiano\.m2\repository\org\springframework\spring-tx\3.0.5.RELEASE\spring-tx-3.0.5.RELEASE.jar;C:\Users\cristiano\.m2\repository\org\springframework\spring-orm\3.0.5.RELEASE\spring-orm-3.0.5.RELEASE.jar;C:\Users\cristiano\.m2\repository\org\springframework\spring-jdbc\3.0.5.RELEASE\spring-jdbc-3.0.5.RELEASE.jar;C:\Users\cristiano\.m2\repository\org\springframework\spring-test\3.0.5.RELEASE\spring-test-3.0.5.RELEASE.jar;C:\Users\cristiano\.m2\repository\org\testng\testng\6.0.1\testng-6.0.1.jar;C:\Users\cristiano\.m2\repository\junit\junit\3.8.1\junit-3.8.1.jar;C:\Users\cristiano\.m2\repository\org\beanshell\bsh\2.0b4\bsh-2.0b4.jar;C:\Users\cristiano\.m2\repository\com\beust\jcommander\1.12\jcommander-1.12.jar;C:\Users\cristiano\.m2\repository\org\yaml\snakeyaml\1.6\snakeyaml-1.6.jar;C:\Users\cristiano\.m2\repository\log4j\log4j\1.2.15\log4j-1.2.15.jar;C:\Users\cristiano\.m2\repository\org\slf4j\slf4j-log4j12\1.4.3\slf4j-log4j12-1.4.3.jar;C:\Users\cristiano\.m2\repository\mysql\mysql-connector-java\5.1.15\mysql-connector-java-5.1.15.jar;C:\Users\cristiano\.m2\repository\org\springframework\spring-webmvc\3.0.5.RELEASE\spring-webmvc-3.0.5.RELEASE.jar;C:\Users\cristiano\.m2\repository\javax\servlet\jstl\1.2\jstl-1.2.jar;C:\Users\cristiano\.m2\repository\cglib\cglib\2.2\cglib-2.2.jar;C:\Users\cristiano\.m2\repository\asm\asm\3.1\asm-3.1.jar;C:\Users\cristiano\.m2\repository\org\springframework\security\spring-security-core\3.0.5.RELEASE\spring-security-core-3.0.5.RELEASE.jar;C:\Users\cristiano\.m2\repository\org\aspectj\aspectjrt\1.6.8\aspectjrt-1.6.8.jar;C:\Users\cristiano\.m2\repository\org\aspectj\aspectjweaver\1.6.8\aspectjweaver-1.6.8.jar;C:\Users\cristiano\.m2\repository\org\springframework\security\spring-security-web\3.0.5.RELEASE\spring-security-web-3.0.5.RELEASE.jar;C:\Users\cristiano\.m2\repository\org\springframework\security\spring-security-taglibs\3.0.5.RELEASE\spring-security-taglibs-3.0.5.RELEASE.jar;C:\Users\cristiano\.m2\repository\org\springframework\security\spring-security-acl\3.0.5.RELEASE\spring-security-acl-3.0.5.RELEASE.jar;C:\Users\cristiano\.m2\repository\org\springframework\security\spring-security-config\3.0.5.RELEASE\spring-security-config-3.0.5.RELEASE.jar;C:\Users\cristiano\.m2\repository\org\codehaus\jackson\jackson-mapper-asl\1.8.1\jackson-mapper-asl-1.8.1.jar;C:\Users\cristiano\.m2\repository\org\codehaus\jackson\jackson-core-asl\1.8.1\jackson-core-asl-1.8.1.jar;C:\Users\cristiano\.m2\repository\org\hibernate\hibernate-validator\4.2.0.Beta2\hibernate-validator-4.2.0.Beta2.jar;C:\Users\cristiano\.m2\repository\javax\validation\validation-api\1.0.0.GA\validation-api-1.0.0.GA.jar;C:\Users\cristiano\.m2\repository\org\apache\tiles\tiles-core\2.2.2\tiles-core-2.2.2.jar;C:\Users\cristiano\.m2\repository\org\apache\tiles\tiles-api\2.2.2\tiles-api-2.2.2.jar;C:\Users\cristiano\.m2\repository\commons-digester\commons-digester\2.0\commons-digester-2.0.jar;C:\Users\cristiano\.m2\repository\commons-beanutils\commons-beanutils\1.8.0\commons-beanutils-1.8.0.jar;C:\Users\cristiano\.m2\repository\org\slf4j\jcl-over-slf4j\1.5.8\jcl-over-slf4j-1.5.8.jar;C:\Users\cristiano\.m2\repository\org\apache\tiles\tiles-jsp\2.2.2\tiles-jsp-2.2.2.jar;C:\Users\cristiano\.m2\repository\org\apache\tiles\tiles-servlet\2.2.2\tiles-servlet-2.2.2.jar;C:\Users\cristiano\.m2\repository\org\apache\tiles\tiles-template\2.2.2\tiles-template-2.2.2.jar;C:\Users\cristiano\.m2\repository\com\vaadin\vaadin\6.6.3\vaadin-6.6.3.jar;C:\Users\cristiano\.m2\repository\org\springframework\spring-aspects\3.0.5.RELEASE\spring-aspects-3.0.5.RELEASE.jar;"/>
    <property name="java.vm.specification.version" value="1.0"/>
    <property name="sun.arch.data.model" value="32"/>
    <property name="java.home" value="C:\DEV\Java\jdk1.6.0_23\jre"/>
    <property name="java.specification.vendor" value="Sun Microsystems Inc."/>
    <property name="user.language" value="pt"/>
    <property name="awt.toolkit" value="sun.awt.windows.WToolkit"/>
    <property name="java.vm.info" value="mixed mode"/>
    <property name="java.version" value="1.6.0_23"/>
    <property name="java.ext.dirs" value="C:\DEV\Java\jdk1.6.0_23\jre\lib\ext;C:\Windows\Sun\Java\lib\ext"/>
    <property name="sun.boot.class.path" value="C:\DEV\Java\jdk1.6.0_23\jre\lib\resources.jar;C:\DEV\Java\jdk1.6.0_23\jre\lib\rt.jar;C:\DEV\Java\jdk1.6.0_23\jre\lib\sunrsasign.jar;C:\DEV\Java\jdk1.6.0_23\jre\lib\jsse.jar;C:\DEV\Java\jdk1.6.0_23\jre\lib\jce.jar;C:\DEV\Java\jdk1.6.0_23\jre\lib\charsets.jar;C:\DEV\Java\jdk1.6.0_23\jre\lib\modules\jdk.boot.jar;C:\DEV\Java\jdk1.6.0_23\jre\classes"/>
    <property name="java.vendor" value="Sun Microsystems Inc."/>
    <property name="localRepository" value="C:\Users\cristiano\.m2\repository"/>
    <property name="file.separator" value="\"/>
    <property name="java.vendor.url.bug" value="http://java.sun.com/cgi-bin/bugreport.cgi"/>
    <property name="sun.cpu.endian" value="little"/>
    <property name="sun.io.unicode.encoding" value="UnicodeLittle"/>
    <property name="sun.desktop" value="windows"/>
    <property name="sun.cpu.isalist" value="pentium_pro+mmx pentium_pro pentium+mmx pentium i486 i386 i86"/>
  </properties>
  <testcase time="0.004" classname="test.persistence.PersonRepositoryTest" name="testAddPersonRepo">
    <failure type="java.lang.NullPointerException">java.lang.NullPointerException
	at test.persistence.PersonRepositoryTest.testAddPersonRepo(PersonRepositoryTest.java:30)
</failure>
  </testcase>
  <testcase time="0.009" classname="test.persistence.PersonRepositoryTest" name="testFindPersonRepo">
    <skipped/>
  </testcase>
  <testcase time="0.08" classname="test.persistence.CompanyPersistenceTest" name="testCompanyPersistence"/>
  <testcase time="0.006" classname="test.persistence.CompanyPersistenceTest" name="testProductPersistence"/>
  <testcase time="0.012" classname="test.persistence.PersonPersistenceTest" name="testAdminPersistence"/>
  <testcase time="0.005" classname="test.persistence.PersonPersistenceTest" name="testUserPersistence"/>
</testsuite>