<?xml version="1.0" encoding="UTF-8"?>
<!-- Generated by org.testng.reporters.JUnitReportReporter -->
<testsuite hostname="cristiano-PC" name="test.persistence.CompanyPersistenceTest" tests="2" failures="0" timestamp="12 May 2011 01:45:36 GMT" time="0,071" errors="0">
  <testcase name="testProductPersistence" time="0,021" classname="test.persistence.CompanyPersistenceTest"/>
  <testcase name="testCompanyPersistence" time="0,050" classname="test.persistence.CompanyPersistenceTest"/>
</testsuite>
