<?xml version="1.0" encoding="UTF-8"?>
<!-- Generated by org.testng.reporters.JUnitReportReporter -->
<testsuite hostname="cristiano-PC" name="test.persistence.PersonPersistenceTest" tests="2" failures="0" timestamp="12 May 2011 01:45:36 GMT" time="0,054" errors="0">
  <testcase name="testOperatorPersistence" time="0,041" classname="test.persistence.PersonPersistenceTest"/>
  <testcase name="testUserPersistence" time="0,013" classname="test.persistence.PersonPersistenceTest"/>
</testsuite>
