<?xml version="1.0" encoding="UTF-8"?>
<!-- Generated by org.testng.reporters.JUnitReportReporter -->
<testsuite hostname="cristiano-PC" name="test.persistence.CompanyPersistenceTest" tests="2" failures="0" timestamp="22 May 2011 05:36:35 GMT" time="0,180" errors="0">
  <testcase name="testProductPersistence" time="0,018" classname="test.persistence.CompanyPersistenceTest"/>
  <testcase name="testCompanyPersistence" time="0,162" classname="test.persistence.CompanyPersistenceTest"/>
</testsuite>
