<?xml version="1.0" encoding="UTF-8"?>
<!-- Generated by org.testng.reporters.JUnitReportReporter -->
<testsuite hostname="cristiano-PC" name="test.persistence.PersonPersistenceTest" tests="2" failures="0" timestamp="19 Aug 2011 20:48:15 GMT" time="0,023" errors="0">
  <testcase name="testUserPersistence" time="0,009" classname="test.persistence.PersonPersistenceTest"/>
  <testcase name="testAdminPersistence" time="0,014" classname="test.persistence.PersonPersistenceTest"/>
</testsuite>
