<?xml version="1.0" encoding="UTF-8"?>
<!-- Generated by org.testng.reporters.JUnitReportReporter -->
<testsuite hostname="cristiano-PC" name="test.persistence.PersonPersistenceTest" tests="2" failures="0" timestamp="25 May 2011 02:23:29 GMT" time="0,067" errors="0">
  <testcase name="testAdminPersistence" time="0,043" classname="test.persistence.PersonPersistenceTest"/>
  <testcase name="testUserPersistence" time="0,024" classname="test.persistence.PersonPersistenceTest"/>
</testsuite>
