<?xml version="1.0" encoding="UTF-8"?>
<!-- Generated by org.testng.reporters.JUnitReportReporter -->
<testsuite hostname="cristiano-PC" name="test.persistence.CompanyPersistenceTest" tests="2" failures="0" timestamp="19 Aug 2011 20:48:15 GMT" time="0,222" errors="0">
  <testcase name="testCompanyPersistence" time="0,172" classname="test.persistence.CompanyPersistenceTest"/>
  <testcase name="testProductPersistence" time="0,050" classname="test.persistence.CompanyPersistenceTest"/>
</testsuite>
