<?xml version="1.0" encoding="UTF-8"?>
<!-- Generated by org.testng.reporters.JUnitReportReporter -->
<testsuite hostname="cristiano-PC" name="test.persistence.PersonPersistenceTest" tests="2" failures="0" timestamp="22 May 2011 05:36:35 GMT" time="0,038" errors="0">
  <testcase name="testUserPersistence" time="0,017" classname="test.persistence.PersonPersistenceTest"/>
  <testcase name="testOperatorPersistence" time="0,021" classname="test.persistence.PersonPersistenceTest"/>
</testsuite>
