<?xml version="1.0" encoding="UTF-8"?>
<!-- Generated by org.testng.reporters.JUnitReportReporter -->
<testsuite hostname="cristiano-PC" name="test.persistence.CompanyPersistenceTest" tests="2" failures="0" timestamp="25 May 2011 02:23:29 GMT" time="0,165" errors="0">
  <testcase name="testProductPersistence" time="0,025" classname="test.persistence.CompanyPersistenceTest"/>
  <testcase name="testCompanyPersistence" time="0,140" classname="test.persistence.CompanyPersistenceTest"/>
</testsuite>
