<?xml version="1.0" encoding="UTF-8"?>
<!-- Generated by org.testng.reporters.JUnitReportReporter -->
<testsuite hostname="cristiano-PC" name="test.persistence.CompanyPersistenceTest" tests="2" failures="0" timestamp="13 May 2011 04:10:14 GMT" time="0,092" errors="0">
  <testcase name="testCompanyPersistence" time="0,076" classname="test.persistence.CompanyPersistenceTest"/>
  <testcase name="testProductPersistence" time="0,016" classname="test.persistence.CompanyPersistenceTest"/>
</testsuite>
