<?xml version="1.0" encoding="UTF-8"?>
<!-- Generated by org.testng.reporters.JUnitReportReporter -->
<testsuite hostname="cristiano-PC" name="test.persistence.CompanyPersistenceTest" tests="2" failures="0" timestamp="19 Aug 2011 20:42:04 GMT" time="0,086" errors="0">
  <testcase name="testCompanyPersistence" time="0,080" classname="test.persistence.CompanyPersistenceTest"/>
  <testcase name="testProductPersistence" time="0,006" classname="test.persistence.CompanyPersistenceTest"/>
</testsuite>
